[14:51:59] [ServerMain/INFO]: [bootstrap] Running Java 25 (OpenJDK 64-Bit Server VM 25.0.2+10-LTS; Microsoft Microsoft-13053558) on Linux 6.8.0-1052-azure (amd64)
[14:51:59] [ServerMain/INFO]: [bootstrap] Loading Paper 1.21.11-132-ver/1.21.11@c5eb079 (2026-05-11T11:43:09Z) for Minecraft 1.21.11
[14:52:00] [ServerMain/INFO]: [PluginInitializerManager] Initializing plugins...
[14:52:01] [ServerMain/INFO]: [PluginInitializerManager] Initialized 27 plugins
[14:52:01] [ServerMain/INFO]: [PluginInitializerManager] Paper plugins (1):
 - EconomyShopGUI (7.1.0)
[14:52:01] [ServerMain/INFO]: [PluginInitializerManager] Bukkit plugins (26):
 - BetterRTP (3.6.13), Citizens (2.0.43-SNAPSHOT (build 4210)), ClearLag (3.2.2), CrazyAuctions (1.7.0), DecentHolograms (2.9.10), DeluxeHub (3.7.4), Essentials (2.22.1-dev+11-28eb89f), EssentialsChat (2.22.1-dev+11-28eb89f), EssentialsSpawn (2.22.1-dev+12-776f709), FastAsyncWorldEdit (2.15.2+e9ed0d1), ItemEdit (3.7.8), LuckPerms (5.5.0), Multiverse-Core (5.7.0), Multiverse-Inventories (5.3.4), PhoenixCratesLite (5.2.1), PlaceholderAPI (2.12.2), ProtocolLib (5.4.0), SkinsRestorer (15.12.4), TAB (6.1.0), Vault (1.7.3-b131), ViaBackwards (5.10.1-SNAPSHOT), ViaRewind (4.1.3-SNAPSHOT), ViaVersion (5.10.1-SNAPSHOT), WorldGuard (7.0.17+2370-e42d8bc), playit-gg (0.2.0), voicechat (2.6.20)
[14:52:06] [ServerMain/INFO]: Environment: Environment[sessionHost=https://sessionserver.mojang.com, servicesHost=https://api.minecraftservices.com, profilesHost=https://api.mojang.com, name=PROD]
[14:52:08] [ServerMain/INFO]: Loaded 1470 recipes
[14:52:08] [ServerMain/INFO]: Loaded 1584 advancements
[14:52:08] [ServerMain/INFO]: [ca.spottedleaf.dataconverter.minecraft.datatypes.MCTypeRegistry] Initialising converters for DataConverter...
[14:52:09] [ServerMain/INFO]: [ca.spottedleaf.dataconverter.minecraft.datatypes.MCTypeRegistry] Finished initialising converters for DataConverter in 484.3ms
[14:52:09] [Server thread/INFO]: Starting minecraft server version 1.21.11
[14:52:09] [Server thread/INFO]: Loading properties
[14:52:09] [Server thread/INFO]: This server is running Paper version 1.21.11-132-ver/1.21.11@c5eb079 (2026-05-11T11:43:09Z) (Implementing API version 1.21.11-R0.1-SNAPSHOT)
[14:52:09] [Server thread/INFO]: [spark] This server bundles the spark profiler. For more information please visit https://docs.papermc.io/paper/profiling
[14:52:09] [Server thread/INFO]: Server Ping Player Sample Count: 12
[14:52:09] [Server thread/INFO]: Using 4 threads for Netty based IO
[14:52:10] [Server thread/INFO]: [MoonriseCommon] Paper is using 1 worker threads, 1 I/O threads
[14:52:10] [Server thread/INFO]: Default game type: SURVIVAL
[14:52:10] [Server thread/INFO]: Generating keypair
[14:52:10] [Server thread/INFO]: Starting Minecraft server on *:25565
[14:52:10] [Server thread/INFO]: Paper: Using libdeflate (Linux x86_64) compression from Velocity.
[14:52:10] [Server thread/INFO]: Paper: Using OpenSSL 3.x.x (Linux x86_64) cipher from Velocity.
[14:52:11] [Server thread/INFO]: [SpigotLibraryLoader] [Citizens] Loading 4 libraries... please wait
[14:52:11] [Server thread/INFO]: [SpigotLibraryLoader] [Citizens] Loaded library /workspaces/FizGamerMC/libraries/ch/ethz/globis/phtree/phtree/2.8.2/phtree-2.8.2.jar
[14:52:11] [Server thread/INFO]: [SpigotLibraryLoader] [Citizens] Loaded library /workspaces/FizGamerMC/libraries/org/joml/joml/1.10.9/joml-1.10.9.jar
[14:52:11] [Server thread/INFO]: [SpigotLibraryLoader] [Citizens] Loaded library /workspaces/FizGamerMC/libraries/it/unimi/dsi/fastutil/8.5.16/fastutil-8.5.16.jar
[14:52:11] [Server thread/INFO]: [SpigotLibraryLoader] [Citizens] Loaded library /workspaces/FizGamerMC/libraries/team/unnamed/mocha/3.0.0/mocha-3.0.0.jar
[14:52:11] [Server thread/INFO]: [SpigotLibraryLoader] [Citizens] Loaded library /workspaces/FizGamerMC/libraries/org/javassist/javassist/3.30.2-GA/javassist-3.30.2-GA.jar
[14:52:11] [Server thread/INFO]: [SpigotLibraryLoader] [Citizens] Loaded library /workspaces/FizGamerMC/libraries/org/jetbrains/annotations/24.0.1/annotations-24.0.1.jar
[14:52:11] [Server thread/INFO]: [SpigotLibraryLoader] [ItemEdit] Loading 5 libraries... please wait
[14:52:11] [Server thread/INFO]: [SpigotLibraryLoader] [ItemEdit] Loaded library /workspaces/FizGamerMC/libraries/net/kyori/adventure-api/4.20.0/adventure-api-4.20.0.jar
[14:52:11] [Server thread/INFO]: [SpigotLibraryLoader] [ItemEdit] Loaded library /workspaces/FizGamerMC/libraries/net/kyori/adventure-key/4.20.0/adventure-key-4.20.0.jar
[14:52:11] [Server thread/INFO]: [SpigotLibraryLoader] [ItemEdit] Loaded library /workspaces/FizGamerMC/libraries/net/kyori/examination-api/1.3.0/examination-api-1.3.0.jar
[14:52:11] [Server thread/INFO]: [SpigotLibraryLoader] [ItemEdit] Loaded library /workspaces/FizGamerMC/libraries/net/kyori/examination-string/1.3.0/examination-string-1.3.0.jar
[14:52:11] [Server thread/INFO]: [SpigotLibraryLoader] [ItemEdit] Loaded library /workspaces/FizGamerMC/libraries/org/jetbrains/annotations/26.0.2/annotations-26.0.2.jar
[14:52:11] [Server thread/INFO]: [SpigotLibraryLoader] [ItemEdit] Loaded library /workspaces/FizGamerMC/libraries/net/kyori/adventure-platform-bukkit/4.3.4/adventure-platform-bukkit-4.3.4.jar
[14:52:11] [Server thread/INFO]: [SpigotLibraryLoader] [ItemEdit] Loaded library /workspaces/FizGamerMC/libraries/net/kyori/adventure-platform-api/4.3.4/adventure-platform-api-4.3.4.jar
[14:52:11] [Server thread/INFO]: [SpigotLibraryLoader] [ItemEdit] Loaded library /workspaces/FizGamerMC/libraries/net/kyori/adventure-text-serializer-bungeecord/4.3.4/adventure-text-serializer-bungeecord-4.3.4.jar
[14:52:11] [Server thread/INFO]: [SpigotLibraryLoader] [ItemEdit] Loaded library /workspaces/FizGamerMC/libraries/net/kyori/adventure-nbt/4.13.1/adventure-nbt-4.13.1.jar
[14:52:11] [Server thread/INFO]: [SpigotLibraryLoader] [ItemEdit] Loaded library /workspaces/FizGamerMC/libraries/net/kyori/adventure-text-serializer-gson-legacy-impl/4.13.1/adventure-text-serializer-gson-legacy-impl-4.13.1.jar
[14:52:11] [Server thread/INFO]: [SpigotLibraryLoader] [ItemEdit] Loaded library /workspaces/FizGamerMC/libraries/net/kyori/adventure-platform-facet/4.3.4/adventure-platform-facet-4.3.4.jar
[14:52:11] [Server thread/INFO]: [SpigotLibraryLoader] [ItemEdit] Loaded library /workspaces/FizGamerMC/libraries/net/kyori/adventure-platform-viaversion/4.3.4/adventure-platform-viaversion-4.3.4.jar
[14:52:11] [Server thread/INFO]: [SpigotLibraryLoader] [ItemEdit] Loaded library /workspaces/FizGamerMC/libraries/net/kyori/adventure-text-minimessage/4.20.0/adventure-text-minimessage-4.20.0.jar
[14:52:11] [Server thread/INFO]: [SpigotLibraryLoader] [ItemEdit] Loaded library /workspaces/FizGamerMC/libraries/net/kyori/adventure-text-serializer-gson/4.20.0/adventure-text-serializer-gson-4.20.0.jar
[14:52:11] [Server thread/INFO]: [SpigotLibraryLoader] [ItemEdit] Loaded library /workspaces/FizGamerMC/libraries/net/kyori/adventure-text-serializer-json/4.20.0/adventure-text-serializer-json-4.20.0.jar
[14:52:11] [Server thread/INFO]: [SpigotLibraryLoader] [ItemEdit] Loaded library /workspaces/FizGamerMC/libraries/net/kyori/option/1.1.0/option-1.1.0.jar
[14:52:11] [Server thread/INFO]: [SpigotLibraryLoader] [ItemEdit] Loaded library /workspaces/FizGamerMC/libraries/org/jspecify/jspecify/1.0.0/jspecify-1.0.0.jar
[14:52:11] [Server thread/INFO]: [SpigotLibraryLoader] [ItemEdit] Loaded library /workspaces/FizGamerMC/libraries/com/google/code/gson/gson/2.8.0/gson-2.8.0.jar
[14:52:11] [Server thread/INFO]: [SpigotLibraryLoader] [ItemEdit] Loaded library /workspaces/FizGamerMC/libraries/com/google/auto/service/auto-service-annotations/1.1.1/auto-service-annotations-1.1.1.jar
[14:52:11] [Server thread/INFO]: [SpigotLibraryLoader] [ItemEdit] Loaded library /workspaces/FizGamerMC/libraries/net/kyori/adventure-text-serializer-commons/4.20.0/adventure-text-serializer-commons-4.20.0.jar
[14:52:11] [Server thread/INFO]: [SpigotLibraryLoader] [ItemEdit] Loaded library /workspaces/FizGamerMC/libraries/net/kyori/adventure-text-serializer-legacy/4.20.0/adventure-text-serializer-legacy-4.20.0.jar
[14:52:11] [Server thread/INFO]: [ViaVersion] Loading server plugin ViaVersion v5.10.1-SNAPSHOT
[14:52:11] [Server thread/INFO]: [ViaVersion] ViaVersion 5.10.1-SNAPSHOT is now loaded. Registering protocol transformers and injecting...
[14:52:12] [Via-Mappingloader-1/INFO]: [ViaVersion] Loading block connection mappings ...
[14:52:13] [Server thread/INFO]: [ViaBackwards] Loading translations...
[14:52:13] [Server thread/INFO]: [ViaBackwards] Registering protocols...
[14:52:13] [Server thread/INFO]: [ViaRewind] Registering protocols...
[14:52:13] [Server thread/INFO]: [LuckPerms] Loading server plugin LuckPerms v5.5.0
[14:52:13] [Server thread/INFO]: [PlaceholderAPI] Loading server plugin PlaceholderAPI v2.12.2
[14:52:14] [Server thread/INFO]: [Vault] Loading server plugin Vault v1.7.3-b131
[14:52:14] [Server thread/INFO]: [CoreLogging] Loading server plugin Multiverse-Core v5.7.0
[14:52:14] [Server thread/INFO]: [FastAsyncWorldEdit] Loading server plugin FastAsyncWorldEdit v2.15.2+e9ed0d1
[14:52:15] [Server thread/INFO]: Got request to register class com.sk89q.worldedit.bukkit.BukkitServerInterface with WorldEdit [com.sk89q.worldedit.extension.platform.PlatformManager@17c80944]
[14:52:15] [Server thread/INFO]: [DeluxeHub] Loading server plugin DeluxeHub v3.7.4
[14:52:15] [Server thread/INFO]: [ViaBackwards] Loading server plugin ViaBackwards v5.10.1-SNAPSHOT
[14:52:15] [Server thread/INFO]: [Essentials] Loading server plugin Essentials v2.22.1-dev+11-28eb89f
[14:52:15] [Server thread/INFO]: [ProtocolLib] Loading server plugin ProtocolLib v5.4.0
[14:52:15] [Server thread/WARN]: [ProtocolLib] Version (MC: 1.21.11) has not yet been tested! Proceed with caution.
[14:52:15] [Server thread/INFO]: [WorldGuard] Loading server plugin WorldGuard v7.0.17+2370-e42d8bc
[14:52:15] [Server thread/INFO]: [ViaRewind] Loading server plugin ViaRewind v4.1.3-SNAPSHOT
[14:52:15] [Server thread/INFO]: [EssentialsChat] Loading server plugin EssentialsChat v2.22.1-dev+11-28eb89f
[14:52:15] [Server thread/INFO]: [SkinsRestorer] Loading server plugin SkinsRestorer v15.12.4
[14:52:15] [Server thread/INFO]: [Citizens] Loading server plugin Citizens v2.0.43-SNAPSHOT (build 4210)
[14:52:15] [Server thread/INFO]: [playit-gg] Loading server plugin playit-gg v0.2.0
[14:52:15] [Server thread/INFO]: [InvLogging] Loading server plugin Multiverse-Inventories v5.3.4
[14:52:15] [Server thread/INFO]: [BetterRTP] Loading server plugin BetterRTP v3.6.13
[14:52:15] [Server thread/INFO]: [ClearLag] Loading server plugin ClearLag v3.2.2
[14:52:15] [Server thread/INFO]: [CrazyAuctions] Loading server plugin CrazyAuctions v1.7.0
[14:52:15] [Server thread/INFO]: [EssentialsSpawn] Loading server plugin EssentialsSpawn v2.22.1-dev+12-776f709
[14:52:15] [Server thread/INFO]: [PhoenixCratesLite] Loading server plugin PhoenixCratesLite v5.2.1
[14:52:15] [Server thread/INFO]: [voicechat] Loading server plugin voicechat v2.6.20
[14:52:15] [Server thread/INFO]: [DecentHolograms] Loading server plugin DecentHolograms v2.9.10
[14:52:15] [Server thread/INFO]: [ItemEdit] Loading server plugin ItemEdit v3.7.8
[14:52:15] [Server thread/INFO]: [TAB] Loading server plugin TAB v6.1.0
[14:52:15] [Server thread/INFO]: [EconomyShopGUI] Loading server plugin EconomyShopGUI v7.1.0
[14:52:15] [Server thread/INFO]: Server permissions file permissions.yml is empty, ignoring it
[14:52:15] [Server thread/INFO]: [LuckPerms] Enabling LuckPerms v5.5.0
[14:52:15] [Server thread/INFO]:         __    
[14:52:15] [Server thread/INFO]:   |    |__)   LuckPerms v5.5.0
[14:52:15] [Server thread/INFO]:   |___ |      Running on Bukkit - Paper
[14:52:15] [Server thread/INFO]: 
[14:52:15] [Server thread/INFO]: [LuckPerms] Loading configuration...
[14:52:16] [Server thread/INFO]: [LuckPerms] Loading storage provider... [H2]
[14:52:16] [Server thread/INFO]: [LuckPerms] Loading internal permission managers...
[14:52:17] [Server thread/INFO]: [LuckPerms] Performing initial data load...
[14:52:17] [Server thread/INFO]: [LuckPerms] Successfully enabled. (took 2023ms)
[14:52:17] [Server thread/INFO]: [Vault] Enabling Vault v1.7.3-b131
[14:52:17] [Server thread/INFO]: [Vault] [Economy] Essentials Economy found: Waiting
[14:52:17] [Server thread/INFO]: [Vault] [Permission] SuperPermissions loaded as backup permission system.
[14:52:17] [Server thread/INFO]: [Vault] Enabled Version 1.7.3-b131
[14:52:17] [Server thread/INFO]: [LuckPerms] Registered Vault permission & chat hook.
[14:52:17] [Server thread/INFO]: [FastAsyncWorldEdit] Enabling FastAsyncWorldEdit v2.15.2+e9ed0d1
[14:52:18] [Server thread/INFO]: [com.fastasyncworldedit.core.Fawe] LZ4 Compression Binding loaded successfully
[14:52:18] [Server thread/INFO]: [com.fastasyncworldedit.core.Fawe] ZSTD Compression Binding loaded successfully
[14:52:18] [Server thread/INFO]: Registering commands with com.sk89q.worldedit.bukkit.BukkitServerInterface
[14:52:18] [Server thread/INFO]: WEPIF: Vault detected! Using Vault for permissions
[14:52:18] [Server thread/INFO]: Using com.sk89q.worldedit.bukkit.adapter.impl.fawe.v1_21_11.PaperweightFaweAdapter as the Bukkit adapter
[14:52:19] [Server thread/INFO]: [ProtocolLib] Enabling ProtocolLib v5.4.0
[14:52:19] [Server thread/INFO]: [ViaRewind] Enabling ViaRewind v4.1.3-SNAPSHOT
[14:52:19] [Server thread/INFO]: [SkinsRestorer] Enabling SkinsRestorer v15.12.4
[14:52:20] [ForkJoinPool.commonPool-worker-1/WARN]: [com.fastasyncworldedit.core.util.UpdateNotification] A new release for FastAsyncWorldEdit is available: 2.15.3. You are currently on 2.15.2.
Download from https://modrinth.com/plugin/fastasyncworldedit or https://hangar.papermc.io/IntellectualSites/FastAsyncWorldEdit
[14:52:21] [Server thread/INFO]: [SkinsRestorer] Running on Minecraft 1.21.11.
[14:52:21] [Server thread/INFO]: [SkinsRestorer] Using paper join listener!
[14:52:21] [Server thread/INFO]: [PlaceholderAPI] Successfully registered internal expansion: skinsrestorer [15.12.4]
[14:52:21] [Server thread/INFO]: [SkinsRestorer] PlaceholderAPI expansion registered!
[14:52:21] [Server thread/WARN]: **** SERVER IS RUNNING IN OFFLINE/INSECURE MODE!
[14:52:21] [Server thread/WARN]: The server will make no attempt to authenticate usernames. Beware.
[14:52:21] [Server thread/WARN]: While this makes the game possible to play without internet access, it also opens up the ability for hackers to connect with any username they choose.
[14:52:21] [Server thread/WARN]: To change this, set "online-mode" to "true" in the server.properties file.
[14:52:21] [Server thread/INFO]: Preparing level "world"
[14:52:21] [Folia Async Scheduler Thread #1/INFO]: [SkinsRestorer] ----------------------------------------------
[14:52:21] [Folia Async Scheduler Thread #1/INFO]: [SkinsRestorer]     +===================+
[14:52:21] [Folia Async Scheduler Thread #1/INFO]: [SkinsRestorer]     |   SkinsRestorer   |
[14:52:21] [Folia Async Scheduler Thread #1/INFO]: [SkinsRestorer]     |-------------------|
[14:52:21] [Folia Async Scheduler Thread #1/INFO]: [SkinsRestorer]     |  Standalone Mode  |
[14:52:21] [Folia Async Scheduler Thread #1/INFO]: [SkinsRestorer]     +===================+
[14:52:21] [Folia Async Scheduler Thread #1/INFO]: [SkinsRestorer] ----------------------------------------------
[14:52:21] [Folia Async Scheduler Thread #1/INFO]: [SkinsRestorer]     Version: 15.12.4
[14:52:21] [Folia Async Scheduler Thread #1/INFO]: [SkinsRestorer]     Commit: a5b2c20
[14:52:21] [Folia Async Scheduler Thread #1/INFO]: [SkinsRestorer]     This is the latest version!
[14:52:21] [Folia Async Scheduler Thread #1/INFO]: [SkinsRestorer] ----------------------------------------------
[14:52:21] [Folia Async Scheduler Thread #1/INFO]: [SkinsRestorer] Do you have issues? Read our troubleshooting guide: https://skinsrestorer.net/docs/troubleshooting
[14:52:21] [Folia Async Scheduler Thread #1/INFO]: [SkinsRestorer] Want to support SkinsRestorer or receive priority support? Become a supporter: https://skinsrestorer.net/pricing
[14:52:21] [Server thread/INFO]: [ca.spottedleaf.moonrise.common.util.MoonriseConstants] NUMA enable flag is not set; however there is NUMA interaction support for this OS.
[14:52:21] [Server thread/INFO]: [ca.spottedleaf.moonrise.common.util.MoonriseConstants] Detected 1 NUMA nodes.
[14:52:22] [Server thread/INFO]: Loading 0 persistent chunks for world 'minecraft:overworld'...
[14:52:22] [Server thread/INFO]: Preparing spawn area: 100%
[14:52:22] [Server thread/INFO]: Prepared spawn area in 1 ms
[14:52:22] [Server thread/INFO]: Loading 0 persistent chunks for world 'minecraft:the_nether'...
[14:52:22] [Server thread/INFO]: Prepared spawn area in 1 ms
[14:52:22] [Server thread/INFO]: Loading 0 persistent chunks for world 'minecraft:the_end'...
[14:52:22] [Server thread/INFO]: Preparing spawn area: 100%
[14:52:22] [Server thread/INFO]: Prepared spawn area in 1 ms
[14:52:22] [Server thread/INFO]: Done preparing level "world" (0.546s)
[14:52:22] [Server thread/INFO]: [ViaVersion] Enabling ViaVersion v5.10.1-SNAPSHOT
[14:52:22] [Server thread/INFO]: [ViaVersion] ViaVersion detected server version: 1.21.11 (774)
[14:52:22] [Server thread/INFO]: [PlaceholderAPI] Enabling PlaceholderAPI v2.12.2
[14:52:22] [Server thread/INFO]: [PlaceholderAPI] Fetching available expansion information...
[14:52:22] [Server thread/INFO]: [Multiverse-Core] Enabling Multiverse-Core v5.7.0
[14:52:23] [Server thread/INFO]: Loading 0 persistent chunks for world 'minecraft:survival'...
[14:52:23] [Server thread/INFO]: Preparing spawn area: 100%
[14:52:23] [Server thread/INFO]: Prepared spawn area in 2 ms
[14:52:23] [Server thread/INFO]: [PlaceholderAPI] Successfully registered internal expansion: multiverse-core [5.7.0]
[14:52:23] [Server thread/INFO]: [Multiverse-Core] API service loaded!
[14:52:23] [Server thread/INFO]: [Multiverse-Core] Version 5.7.0 (API v5.7) Enabled - By dumptruckman, Rigby, fernferret, lithium3141, main--, benwoo1110 and Zax71
[14:52:23] [Server thread/INFO]: [Multiverse-Core] Loving Multiverse-Core? Please consider supporting the project with a small donation: https://github.com/sponsors/Multiverse
[14:52:23] [Server thread/INFO]: [DeluxeHub] Enabling DeluxeHub v3.7.4
[14:52:23] [Server thread/INFO]: [DeluxeHub]  _   _            _          _    _ 
[14:52:23] [Server thread/INFO]: [DeluxeHub] | \ |_ |  | | \/ |_ |_| | | |_)   _)
[14:52:23] [Server thread/INFO]: [DeluxeHub] |_/ |_ |_ |_| /\ |_ | | |_| |_)   _)
[14:52:23] [Server thread/INFO]: [DeluxeHub] 
[14:52:23] [Server thread/INFO]: [DeluxeHub] Version: 3.7.4
[14:52:23] [Server thread/INFO]: [DeluxeHub] Author: ItzSave & ItsLewizzz
[14:52:23] [Server thread/INFO]: [DeluxeHub] 
[14:52:24] [Server thread/INFO]: [DeluxeHub]  Hooked into PlaceholderAPI
[14:52:24] [Server thread/INFO]: [DeluxeHub] Loaded custom menu 'serverselector'.
[14:52:24] [Server thread/INFO]: [NBTAPI] [NBTAPI] Found Minecraft: 1.21.11! Trying to find NMS support
[14:52:24] [Server thread/INFO]: [NBTAPI] [NBTAPI] NMS support 'MC1_21_R7' loaded!
[14:52:24] [Server thread/INFO]: [NBTAPI] [NBTAPI] Using the plugin 'DeluxeHub' to create a bStats instance!
[14:52:24] [Server thread/INFO]: [DeluxeHub] Loaded 14 plugin modules.
[14:52:24] [Server thread/INFO]: [DeluxeHub] 
[14:52:24] [Server thread/INFO]: [DeluxeHub] Successfully loaded in 601ms
[14:52:24] [Server thread/INFO]: [ViaBackwards] Enabling ViaBackwards v5.10.1-SNAPSHOT
[14:52:24] [Server thread/INFO]: [Essentials] Enabling Essentials v2.22.1-dev+11-28eb89f
[14:52:24] [Server thread/WARN]: [Essentials] Version mismatch! Please update EssentialsSpawn to the same version.
[14:52:24] [Server thread/INFO]: [Essentials] Attempting to convert old kits in config.yml to new kits.yml
[14:52:24] [Server thread/INFO]: [Essentials] No kits found to migrate.
[14:52:24] [Server thread/INFO]: [Essentials] Selected Paper Known Commands Provider as the provider for KnownCommandsProvider
[14:52:24] [Server thread/INFO]: [Essentials] Selected 1.13+ Spawn Egg Provider as the provider for SpawnEggProvider
[14:52:24] [Server thread/INFO]: [Essentials] Selected 1.17.1+ World Info Provider as the provider for WorldInfoProvider
[14:52:24] [Server thread/INFO]: [Essentials] Selected Reflection Online Mode Provider as the provider for OnlineModeProvider
[14:52:25] [Server thread/INFO]: [Essentials] Selected 1.20.6+ Potion Meta Provider as the provider for PotionMetaProvider
[14:52:25] [Server thread/INFO]: [Essentials] Selected 1.14.4+ Persistent Data Container Provider as the provider for PersistentDataProvider
[14:52:25] [Server thread/INFO]: [Essentials] Selected Paper 1.13+ Tile Entity Provider as the provider for TileEntityProvider
[14:52:25] [Server thread/INFO]: [Essentials] Selected 1.21+ InventoryView Interface ABI Provider as the provider for InventoryViewProvider
[14:52:25] [Server thread/INFO]: [Essentials] Selected 1.12.2+ Player Locale Provider as the provider for PlayerLocaleProvider
[14:52:25] [Server thread/INFO]: [Essentials] Selected 1.21.4+ Sync Commands Provider as the provider for SyncCommandsProvider
[14:52:25] [Server thread/INFO]: [Essentials] Selected 1.20.4+ Damage Event Provider as the provider for DamageEventProvider
[14:52:25] [Server thread/INFO]: [Essentials] Selected 1.12+ Spawner Block Provider as the provider for SpawnerBlockProvider
[14:52:25] [Server thread/INFO]: [Essentials] Selected 1.11+ Item Unbreakable Provider as the provider for ItemUnbreakableProvider
[14:52:25] [Server thread/INFO]: [Essentials] Selected Paper Server State Provider as the provider for ServerStateProvider
[14:52:25] [Server thread/INFO]: [Essentials] Selected Paper Biome Key Provider as the provider for BiomeKeyProvider
[14:52:25] [Server thread/INFO]: [Essentials] Selected Paper Material Tag Provider as the provider for MaterialTagProvider
[14:52:25] [Server thread/INFO]: [Essentials] Selected Paper Tick Count Provider as the provider for TickCountProvider
[14:52:25] [Server thread/INFO]: [Essentials] Selected Legacy Biome Name Provider as the provider for BiomeNameProvider
[14:52:25] [Server thread/INFO]: [Essentials] Selected Reflection Formatted Command Alias Provider as the provider for FormattedCommandAliasProvider
[14:52:25] [Server thread/INFO]: [Essentials] Selected 1.8.3+ Spawner Item Provider as the provider for SpawnerItemProvider
[14:52:25] [Server thread/INFO]: [Essentials] Selected Modern (Registry-based) PatternType Provider as the provider for PatternTypeProvider
[14:52:25] [Server thread/INFO]: [Essentials] Selected Paper Serialization Provider as the provider for SerializationProvider
[14:52:25] [Server thread/INFO]: [Essentials] Selected Paper Container Provider as the provider for ContainerProvider
[14:52:25] [Server thread/INFO]: [Essentials] Selected 1.14+ Sign Data Provider as the provider for SignDataProvider
[14:52:25] [Server thread/INFO]: [Essentials] Selected 1.20.5+ Banner Data Provider as the provider for BannerDataProvider
[14:52:25] [Server thread/INFO]: [Essentials] Loaded 46861 items from items.json.
[14:52:25] [Server thread/INFO]: [Essentials] Using locale en
[14:52:25] [Server thread/INFO]: [Essentials] ServerListPingEvent: Spigot iterator API
[14:52:25] [Server thread/INFO]: [Essentials] Starting Metrics. Opt-out using the global bStats config.
[14:52:25] [Server thread/INFO]: [Vault] [Economy] Essentials Economy hooked.
[14:52:25] [Server thread/INFO]: [Essentials] Using Vault based permissions (LuckPerms)
[14:52:25] [Server thread/INFO]: [WorldGuard] Enabling WorldGuard v7.0.17+2370-e42d8bc
[14:52:26] [Server thread/INFO]: [WorldGuard] (world) TNT ignition is PERMITTED.
[14:52:26] [Server thread/INFO]: [WorldGuard] (world) Lighters are PERMITTED.
[14:52:26] [Server thread/INFO]: [WorldGuard] (world) Lava fire is PERMITTED.
[14:52:26] [Server thread/INFO]: [WorldGuard] (world) Fire spread is UNRESTRICTED.
[14:52:26] [Server thread/INFO]: [WorldGuard] Loaded configuration for world 'world'
[14:52:26] [Server thread/INFO]: [WorldGuard] (world_nether) TNT ignition is PERMITTED.
[14:52:26] [Server thread/INFO]: [WorldGuard] (world_nether) Lighters are PERMITTED.
[14:52:26] [Server thread/INFO]: [WorldGuard] (world_nether) Lava fire is PERMITTED.
[14:52:26] [Server thread/INFO]: [WorldGuard] (world_nether) Fire spread is UNRESTRICTED.
[14:52:26] [Server thread/INFO]: [WorldGuard] Loaded configuration for world 'world_nether'
[14:52:26] [Server thread/INFO]: [WorldGuard] (world_the_end) TNT ignition is PERMITTED.
[14:52:26] [Server thread/INFO]: [WorldGuard] (world_the_end) Lighters are PERMITTED.
[14:52:26] [Server thread/INFO]: [WorldGuard] (world_the_end) Lava fire is PERMITTED.
[14:52:26] [Server thread/INFO]: [WorldGuard] (world_the_end) Fire spread is UNRESTRICTED.
[14:52:26] [Server thread/INFO]: [WorldGuard] Loaded configuration for world 'world_the_end'
[14:52:26] [Server thread/INFO]: [WorldGuard] (survival) TNT ignition is PERMITTED.
[14:52:26] [Server thread/INFO]: [WorldGuard] (survival) Lighters are PERMITTED.
[14:52:26] [Server thread/INFO]: [WorldGuard] (survival) Lava fire is PERMITTED.
[14:52:26] [Server thread/INFO]: [WorldGuard] (survival) Fire spread is UNRESTRICTED.
[14:52:26] [Server thread/INFO]: [WorldGuard] Loaded configuration for world 'survival'
[14:52:26] [Server thread/INFO]: [WorldGuard] Loading region data...
[14:52:26] [Server thread/INFO]: [EssentialsChat] Enabling EssentialsChat v2.22.1-dev+11-28eb89f
[14:52:26] [Server thread/INFO]: [EssentialsChat] Starting Metrics. Opt-out using the global bStats config.
[14:52:26] [Server thread/INFO]: [Citizens] Enabling Citizens v2.0.43-SNAPSHOT (build 4210)
[14:52:27] [Server thread/INFO]: [Citizens] Loaded 2 templates.
[14:52:27] [Server thread/INFO]: [PlaceholderAPI] Successfully registered internal expansion: citizens [1.0.0]
[14:52:27] [Server thread/INFO]: [Citizens] Loaded economy handling via Vault.
[14:52:27] [Server thread/INFO]: [playit-gg] Enabling playit-gg v0.2.0
[14:52:27] [Thread-15/INFO]: [gg.playit.minecraft.PlayitKeysSetup] secret key found, checking
[14:52:27] [Thread-15/INFO]: [gg.playit.minecraft.PlayitKeysSetup] check secret
[14:52:27] [Server thread/INFO]: [Multiverse-Inventories] Enabling Multiverse-Inventories v5.3.4
[14:52:28] [Thread-15/INFO]: [gg.playit.minecraft.PlayitKeysSetup] secret verified, ready to connect
[14:52:28] [Thread-15/INFO]: [gg.playit.minecraft.PlayitManager] keys setup complete, ready to connect
[14:52:28] [Server thread/INFO]: [PlaceholderAPI] Successfully registered internal expansion: multiverse-inventories [5.3.4]
[14:52:28] [Server thread/INFO]: [Multiverse-Inventories] Loading player names map...
[14:52:28] [Server thread/INFO]: [Multiverse-Inventories] Version 5.3.4 (API v5.3) Enabled - By dumptruckman and benwoo1110
[14:52:28] [Server thread/INFO]: [BetterRTP] Enabling BetterRTP v3.6.13
[14:52:28] [Thread-15/WARN]: [gg.playit.control.ChannelSetup] Got IO error working with :/[2602:fbaf:848:1:0:0:0:1]:5525, error : java.net.SocketException: Network is unreachable
[14:52:28] [Server thread/INFO]: [BetterRTP] Cooldown = 180
[14:52:28] [Server thread/INFO]: [PlaceholderAPI] Successfully registered internal expansion: betterrtp [3.6.13]
[14:52:28] [Server thread/INFO]: [ClearLag] Enabling ClearLag v3.2.2
[14:52:28] [Server thread/INFO]: [ClearLag] Using version-adapter: LatestVersionAdapter
[14:52:28] [Server thread/INFO]: [ClearLag] Loading modules...
[14:52:28] [Server thread/WARN]: [ClearLag] Clearlag failed to use the internal TPS tracker during initialization. Reverted to estimation... (Index 3 out of bounds for length 3)
[14:52:28] [Server thread/INFO]: [ClearLag] Modules enabed, loading config values
[14:52:28] [Server thread/INFO]: [ClearLag] Modules have been loaded!
[14:52:28] [Server thread/INFO]: [ClearLag] Clearlag is now enabled!
[14:52:28] [Thread-16/WARN]: [ClearLag] Clearlag failed to check for updates - bukkit may be down
[14:52:28] [Thread-16/WARN]: java.lang.ArrayIndexOutOfBoundsException: Index 3 out of bounds for length 3
[14:52:28] [Thread-16/WARN]: 	at Clearlag.jar//me.minebuilders.clearlag.Util.getBukkitVersion(Util.java:105)
[14:52:28] [Thread-16/WARN]: 	at Clearlag.jar//me.minebuilders.clearlag.BukkitUpdater.updateAvailable(BukkitUpdater.java:32)
[14:52:28] [Thread-16/WARN]: 	at Clearlag.jar//me.minebuilders.clearlag.BukkitUpdater.run(BukkitUpdater.java:82)
[14:52:28] [Thread-16/WARN]: 	at java.base/java.lang.Thread.run(Thread.java:1474)
[14:52:28] [Server thread/INFO]: [CrazyAuctions] Enabling CrazyAuctions v1.7.0
[14:52:28] [Thread-15/INFO]: [gg.playit.control.ChannelSetup] request queued, waiting 1 second before resend
[14:52:28] [Server thread/INFO]: [EssentialsSpawn] Enabling EssentialsSpawn v2.22.1-dev+12-776f709
[14:52:28] [Server thread/WARN]: [EssentialsSpawn] Version mismatch! Please update all Essentials jars to the same version.
[14:52:28] [Server thread/INFO]: [EssentialsSpawn] Starting Metrics. Opt-out using the global bStats config.
[14:52:28] [Server thread/INFO]: [PhoenixCratesLite] Enabling PhoenixCratesLite v5.2.1
[14:52:28] [Server thread/INFO]: Loading cross version adapter...
[14:52:28] [Server thread/WARN]: [org.bukkit.craftbukkit.legacy.CraftLegacy] Initializing Legacy Material Support. Unless you have legacy plugins and/or data this is a bug!
[14:52:30] [Thread-15/INFO]: [gg.playit.minecraft.PlayitManager] found minecraft java tunnel: wheat-substance.gl.joinmc.link
[14:52:39] [Server thread/INFO]:   ____    ____                               
[14:52:39] [Server thread/INFO]:  |  _ \  / ___|                              
[14:52:39] [Server thread/INFO]:  | |_) || |       Phoenix Crates Lite v5.2.1      
[14:52:39] [Server thread/INFO]:  |  __/ | |___    https://phoenixplugins.com/
[14:52:39] [Server thread/INFO]:  |_|     \____|                             
[14:52:39] [Server thread/INFO]:                                                  
[14:52:39] [Server thread/INFO]: Loading settings...
[14:52:39] [Server thread/INFO]: Loading file "config.yml".
[14:52:40] [Server thread/INFO]: File "config.yml" is up to date. Importing configurations.
[14:52:40] [Server thread/INFO]: Vault founded. Preparing hook...
[14:52:40] [Server thread/INFO]: Checking for internal patchs...
[14:52:40] [Server thread/INFO]: [PhoenixCratesLite] Current patch: #202509111232
[14:52:40] [Server thread/INFO]: [PhoenixCratesLite] No patches to run.
[14:52:40] [Server thread/INFO]: Placeholder API founded. Preparing placeholders...
[14:52:40] [Server thread/INFO]: [PlaceholderAPI] Successfully registered internal expansion: phoenixcrates [1.0.0]
[14:52:40] [Server thread/INFO]: Model Engine is not installed. If you want to support custom models in this plugin install it.
[14:52:40] [Server thread/INFO]: -> (Meg 3) See more at: https://www.spigotmc.org/resources/conxeptworks-legacy-model-engine-1-16-5-1-20.79477/
[14:52:40] [Server thread/INFO]: -> (Meg 4) See more at: https://mythiccraft.io/index.php?resources/20-off-model-engine%E2%80%94ultimate-entity-model-manager-1-19-4-1-20-1.1213/
[14:52:40] [Server thread/INFO]: Loading components...
[14:52:40] [Server thread/INFO]: Loading hologram templates...
[14:52:40] [Server thread/INFO]: Loading file "templates.yml".
[14:52:40] [Server thread/INFO]: File "templates.yml" is up to date. Importing configurations.
[14:52:40] [Server thread/INFO]: Loading database...
[14:52:40] [Server thread/WARN]: 5 [Server thread] INFO com.phoenixplugins.phoenixcrates.lib.hikari.HikariDataSource - CyberSQLitePool - Starting...
[14:52:40] [Server thread/WARN]: 28 [Server thread] INFO com.phoenixplugins.phoenixcrates.lib.hikari.HikariDataSource - CyberSQLitePool - Start completed.
[14:52:40] [Server thread/INFO]: Loading menus...
[14:52:40] [Server thread/INFO]: Loading file "menus/default_rewards_preview.yml".
[14:52:40] [Server thread/INFO]: File "menus/default_rewards_preview.yml" is up to date. Importing configurations.
[14:52:40] [Server thread/INFO]: Loading file "menus/default_select_reward.yml".
[14:52:40] [Server thread/INFO]: File "menus/default_select_reward.yml" is up to date. Importing configurations.
[14:52:40] [Server thread/INFO]: Loading file "menus/confirmation_menu.yml".
[14:52:40] [Server thread/INFO]: File "menus/confirmation_menu.yml" is up to date. Importing configurations.
[14:52:40] [Server thread/INFO]: Loading file "internal_storage.yml".
[14:52:40] [Server thread/INFO]: File "internal_storage.yml" is up to date. Importing configurations.
[14:52:40] [Server thread/INFO]: Loading players data...
[14:52:40] [Server thread/INFO]: Loading keys...
[14:52:40] [Server thread/INFO]: No resource with the name "key.yml" founded.
[14:52:40] [Server thread/INFO]: Loading file "keys/example2.yml".
[14:52:40] [Server thread/INFO]: File "keys/example2.yml" is up to date. Importing configurations.
[14:52:40] [Server thread/INFO]: No resource with the name "key.yml" founded.
[14:52:40] [Server thread/INFO]: Loading file "keys/example3.yml".
[14:52:40] [Server thread/INFO]: File "keys/example3.yml" is up to date. Importing configurations.
[14:52:40] [Server thread/INFO]: No resource with the name "key.yml" founded.
[14:52:40] [Server thread/INFO]: Loading file "keys/example1.yml".
[14:52:40] [Server thread/INFO]: File "keys/example1.yml" is up to date. Importing configurations.
[14:52:40] [Server thread/INFO]: Loaded 3 keys.
[14:52:40] [Server thread/INFO]: Loading crates...
[14:52:40] [Server thread/INFO]: Loading file "locations.yml".
[14:52:40] [Server thread/INFO]: File "locations.yml" is up to date. Importing configurations.
[14:52:40] [Server thread/INFO]: Loading file "crates/example2.yml".
[14:52:40] [Server thread/INFO]: File "crates/example2.yml" is up to date. Importing configurations.
[14:52:40] [Server thread/INFO]: Loading file "crates/example3.yml".
[14:52:40] [Server thread/INFO]: File "crates/example3.yml" is up to date. Importing configurations.
[14:52:40] [Server thread/INFO]: Loading file "crates/example1.yml".
[14:52:40] [Server thread/INFO]: File "crates/example1.yml" is up to date. Importing configurations.
[14:52:40] [Server thread/INFO]: Loaded 3 types.
[14:52:40] [Server thread/INFO]: Loaded 0 crates.
[14:52:40] [Server thread/INFO]: Loading commands...
[14:52:40] [Server thread/INFO]: 
[14:52:40] [Server thread/INFO]: Plugin loaded successfully!
[14:52:40] [Server thread/INFO]: [Any questions or problems that may arise, contact us through
[14:52:40] [Server thread/INFO]: the website or our discord: https://phoenixplugins.com/media/discord]
[14:52:40] [Server thread/INFO]: 
[14:52:40] [Server thread/INFO]: [voicechat] Enabling voicechat v2.6.20
[14:52:40] [Server thread/INFO]: [voicechat] Initializing compatibility for version 1.21.11-R0.1
[14:52:40] [Server thread/INFO]: [voicechat] Compatibility version 20
[14:52:40] [Server thread/INFO]: [voicechat] Successfully initialized commodore command completion
[14:52:40] [Server thread/INFO]: [PlaceholderAPI] Successfully registered internal expansion: voicechat [2.6.20]
[14:52:40] [Server thread/INFO]: [voicechat] Successfully registered PlaceholderAPI expansion
[14:52:40] [Server thread/INFO]: [voicechat] Successfully added ViaVersion mappings
[14:52:40] [Server thread/INFO]: [DecentHolograms] Enabling DecentHolograms v2.9.10
[14:52:40] [Server thread/INFO]: [DecentHolograms] Initialized NMS adapter for paper_v1_21_R7 (1.21.11).
[14:52:40] [Server thread/INFO]: [NBTAPI] [NBTAPI] Found Minecraft: 1.21.11! Trying to find NMS support
[14:52:40] [Server thread/INFO]: [NBTAPI] [NBTAPI] NMS support 'MC1_21_R7' loaded!
[14:52:40] [Server thread/INFO]: [NBTAPI] [NBTAPI] Using the plugin 'DecentHolograms' to create a bStats instance!
[14:52:40] [Server thread/INFO]: [DecentHolograms] NBT-API loaded successfully.
[14:52:40] [Server thread/INFO]: [ItemEdit] Enabling ItemEdit v3.7.8
[14:52:41] [Server thread/INFO]: [ItemEdit] Hooking into MiniMessageAPI see https://webui.advntr.dev/
[14:52:41] [Server thread/INFO]: [ItemEdit] Selected Storage Type: YAML
[14:52:41] [Server thread/INFO]: [ItemEdit] Hooking into Vault
[14:52:41] [Server thread/INFO]: [ItemEdit] Hooking into PlaceHolderAPI
[14:52:41] [Server thread/INFO]: [ItemEdit] placeholders:
[14:52:41] [Server thread/INFO]: [ItemEdit]   %itemedit_amount_<{itemid}>_[{slot}]_[{player}]%
[14:52:41] [Server thread/INFO]: [ItemEdit]     shows how many itemid player has on slot
[14:52:41] [Server thread/INFO]: [ItemEdit]     <{itemid}> for item id on serveritem
[14:52:41] [Server thread/INFO]: [ItemEdit]     [{slot}] for the slot where the item should be counted, by default inventory
[14:52:41] [Server thread/INFO]: [ItemEdit]       Values: inventory (include offhand), equip (include offhand), inventoryandequip (include offhand), hand, offhand, head, chest, legs, feet
[14:52:41] [Server thread/INFO]: [ItemEdit]     [{player}] for the player, by default self
[14:52:41] [Server thread/INFO]: [ItemEdit]     example: %itemedit_amount_{my_item_id}_{hand}%
[14:52:41] [Server thread/INFO]: [PlaceholderAPI] Successfully registered internal expansion: itemedit [1.0]
[14:52:41] [Server thread/INFO]: [ItemEdit] # Enabled (took 244 ms)
[14:52:41] [Server thread/INFO]: [TAB] Enabling TAB v6.1.0
[14:52:41] [Server thread/INFO]: [TAB] Found NMS implementation: me.neznamy.tab.platforms.bukkit.paper_1_21_11.NMSImplementationProvider
[14:52:41] [Server thread/INFO]: [TAB] Enabled in 272ms
[14:52:41] [Server thread/INFO]: [EconomyShopGUI] Enabling EconomyShopGUI v7.1.0
[14:52:41] [Server thread/INFO]: [EconomyShopGUI] [INFO]: Initializing paper meta...
[14:52:41] [Server thread/INFO]: [EconomyShopGUI] [INFO]: Using lang-en.yml as language file
[14:52:41] [Server thread/INFO]: [EconomyShopGUI] [INFO]: Completed loading 11 section configs from /sections/
[14:52:41] [Server thread/INFO]: [EconomyShopGUI] [INFO]: Completed loading 11 shop configs from /shops/
[14:52:41] [Server thread/INFO]: [EconomyShopGUI] [INFO]: Updating Shop settings...
[14:52:41] [Server thread/INFO]: [EconomyShopGUI] [INFO]: Successfully hooked into Vault and using EssentialsX Economy as economy provider
[14:52:41] [Server thread/INFO]: [EconomyShopGUI] [INFO]: Completed loading 1 economy provider(s) for all 9 shop sections.
[14:52:42] [Server thread/INFO]: [EconomyShopGUI] [INFO]: Using minecraft version 1.21.11...
[14:52:42] [Server thread/INFO]: [EconomyShopGUI] [INFO]: Spawner provider set to AUTO in config
[14:52:42] [Server thread/INFO]: [EconomyShopGUI] [INFO]: Automatically searching for compatible spawner provider....
[14:52:42] [Server thread/INFO]: [EconomyShopGUI] [INFO]: Failed to automatically find compatible spawner provider, using default...
[14:52:42] [Server thread/INFO]: [PlaceholderAPI] Successfully registered internal expansion: esgui [1.1.0]
[14:52:42] [Server thread/INFO]: [EconomyShopGUI] [INFO]: Debug mode is enabled.
[14:52:42] [Server thread/INFO]: [EconomyShopGUI] [INFO]: Loading all items...
[14:52:42] [Server thread/INFO]: [EconomyShopGUI] [INFO]: Initialized - Took 808ms to complete
[14:52:42] [ESGUI_UTIL_THREAD #0/INFO]: [EconomyShopGUI] [INFO]: There is an update available for EconomyShopGUI, you are running v7.1.0 but found v7.1.1.
[14:52:42] [ESGUI_UTIL_THREAD #0/INFO]: [EconomyShopGUI] [INFO]: Download at: https://www.spigotmc.org/resources/economyshopgui.69927/
[14:52:42] [Server thread/INFO]: [spark] Starting background profiler...
[14:52:43] [Server thread/INFO]: [PlaceholderAPI] Placeholder expansion registration initializing...
[14:52:43] [Server thread/INFO]: Running delayed init tasks
[14:52:43] [Craft Scheduler Thread - 7 - Essentials/INFO]: [Essentials] Fetching version information...
[14:52:43] [Craft Scheduler Thread - 6 - ViaVersion/INFO]: [ViaVersion] Finished mapping loading, shutting down loader executor.
[14:52:43] [Craft Scheduler Thread - 9 - DecentHolograms/INFO]: [DecentHolograms] Loading holograms... 
[14:52:43] [Server thread/INFO]: [com.fastasyncworldedit.bukkit.regions.WorldGuardFeature] Plugin 'WorldGuard' found. Using it now.
[14:52:43] [Server thread/INFO]: [com.fastasyncworldedit.bukkit.FaweBukkit] Attempting to use plugin 'WorldGuard'
[14:52:43] [Craft Scheduler Thread - 10 - Vault/INFO]: [Vault] Checking for Updates ... 
[14:52:43] [Server thread/INFO]: [Essentials] Essentials found a compatible payment resolution method: Vault Compatibility Layer (v1.7.3-b131)!
[14:52:43] [Craft Scheduler Thread - 9 - DecentHolograms/INFO]: [DecentHolograms] Loaded 4 holograms!
[14:52:43] [Craft Scheduler Thread - 6 - DecentHolograms/INFO]: 
A newer version of DecentHolograms is available. Download it from: 
- https://www.spigotmc.org/resources/96927/
- https://modrinth.com/plugin/decentholograms
[14:52:44] [Craft Scheduler Thread - 10 - Vault/INFO]: [Vault] No new version available
[14:52:44] [Craft Scheduler Thread - 11 - ItemEdit/INFO]: [ItemEdit] NEW UPDATE (3.7.8 -> 3.7.10) available at https://modrinth.com/plugin/itemedit/version/latest
[14:52:44] [Server thread/INFO]: [Citizens] Loaded 4 NPCs.
[14:52:44] [Craft Scheduler Thread - 7 - Essentials/WARN]: [Essentials] You're 1 EssentialsX dev build(s) out of date!
[14:52:44] [Craft Scheduler Thread - 7 - Essentials/WARN]: [Essentials] Download it here: https://essentialsx.net/downloads.html
[14:52:44] [Server thread/INFO]: [gg.playit.minecraft.PlayitPipelineInjector] injected playit header decoder into server channel: [id: 0x0c268670, L:/[0:0:0:0:0:0:0:0]:25565]
[14:52:44] [Server thread/INFO]: [gg.playit.minecraft.PlayitBukkit] playit header decoder injected into server pipeline
[14:52:44] [Server thread/WARN]: [ViaVersion] There is a newer plugin version available: 5.11.0, you're on: 5.10.1-SNAPSHOT
[14:52:45] [Server thread/INFO]: Done (46.316s)! For help, type "help"
[14:52:45] [Server thread/INFO]: [PlaceholderAPI] An update for PlaceholderAPI (v2.12.3) is available at:
[14:52:45] [Server thread/INFO]: [PlaceholderAPI] https://modrinth.com/plugin/placeholderapi
[14:52:45] [Server thread/INFO]: [voicechat] Loading plugins
[14:52:45] [Server thread/INFO]: [voicechat] Loaded 0 plugin(s)
[14:52:45] [Server thread/INFO]: [voicechat] Initializing plugins
[14:52:45] [Server thread/INFO]: [voicechat] Initialized 0 plugin(s)
[14:52:45] [Server thread/WARN]: [voicechat] Running in offline mode - Voice chat encryption is not secure!
[14:52:45] [VoiceChatServerThread/INFO]: [voicechat] Voice chat server started at port 24454
[14:52:45] [Server thread/INFO]: 0 placeholder hook(s) registered!
[14:52:45] [Paper Async Task Handler Thread - 1/WARN]: *************************************************************************************
[14:52:45] [Paper Async Task Handler Thread - 1/WARN]: You are running the latest build for your Minecraft version (1.21.11)
[14:52:45] [Paper Async Task Handler Thread - 1/WARN]: However, you are 2 release(s) behind the latest stable release (26.1.2)!
[14:52:45] [Paper Async Task Handler Thread - 1/WARN]: It is recommended that you update as soon as possible
[14:52:45] [Paper Async Task Handler Thread - 1/WARN]: https://papermc.io/downloads/paper
[14:52:45] [Paper Async Task Handler Thread - 1/WARN]: *************************************************************************************
[14:53:42] [Thread-15/INFO]: [gg.playit.minecraft.PlayitManager] got new client: NewClient{connectAddr=147.185.221.225:8978, peerAddr=106.203.235.47:54355, claimAddress=209.25.142.2:43784, claimToken=[44, 0, 108, -109, -71, -35, -31, 35, 18, 106, -53, -21, 47, -44, 83, 94, -73, 92, -119, -85, 8, 106, 91, -109, 118, 0, 0, 0, 0, 0, 37, 9, -121, 0, 0, 0, 0, 0, 98, 47, -62, 0, 0, 0, 0, 0, 64, 93, -7, 69, 100, -85, 8, 0, 0, 0, 0, 28, 0, 0, 0, 0, 0, 0, 0, 2, 0, 0, 0, 38, 37, 0, -122, 6, 30, 119, 104, 101, 97, 116, 45, 115, 117, 98, 115, 116, 97, 110, 99, 101, 46, 103, 108, 46, 106, 111, 105, 110, 109, 99, 46, 108, 105, 110, 107, 99, -35, 1, -128, 63, 115, -70, -120, -72, 124, 79, 83, -77, -59, 31, -45, 104, -3, -53], tunnelServerId=0, tunnelId=4218361, dataCenterId=28, portOffset=0}
[14:53:42] [Thread-15/INFO]: [gg.playit.minecraft.PlayitManager] starting tcp tunnel for client
[14:53:42] [Thread-15/INFO]: [gg.playit.minecraft.PlayitTcpTunnel] start connection to /209.25.142.2:43784 to claim client
[14:53:42] [nioEventLoopGroup-2-1/INFO]: [gg.playit.minecraft.PlayitTcpTunnel] connected to tunnel server, sending claim token
[14:53:42] [nioEventLoopGroup-2-1/INFO]: [gg.playit.minecraft.PlayitTcpTunnel] claim token sent
[14:53:42] [nioEventLoopGroup-2-1/INFO]: [gg.playit.minecraft.PlayitTcpTunnel] connection to tunnel server has been established
[14:53:42] [nioEventLoopGroup-2-1/INFO]: [gg.playit.minecraft.PlayitTcpTunnel] connecting to minecraft server at localhost/127.0.0.1:25565
[14:53:42] [nioEventLoopGroup-2-2/INFO]: [gg.playit.minecraft.PlayitTcpTunnel] connected to local minecraft server
[14:53:43] [Netty Epoll IO #1/INFO]: [gg.playit.minecraft.PlayitHeaderDecoder] parsed playit header, true client IP: /106.203.235.47:54355
[14:53:43] [Netty Epoll IO #1/INFO]: [gg.playit.minecraft.PlayitHeaderDecoder] updated connection address on handler: packet_handler
[14:53:46] [Thread-15/INFO]: [gg.playit.minecraft.PlayitManager] got new client: NewClient{connectAddr=147.185.221.225:8978, peerAddr=106.203.235.47:54370, claimAddress=209.25.142.2:43784, claimToken=[44, 0, 107, -109, -71, -35, -31, 35, 18, 106, -53, -21, 47, -44, 98, 80, 119, 101, -106, -85, 8, 106, 91, -109, 122, 0, 0, 0, 0, 0, 37, 9, -121, 0, 0, 0, 0, 0, 98, 47, -62, 0, 0, 0, 0, 0, 64, 93, -7, -22, 114, -85, 8, 0, 0, 0, 0, 28, 0, 0, 0, 0, 0, 0, 0, 2, 0, 5, 0, 37, 36, 0, -122, 6, 29, 119, 104, 101, 97, 116, 45, 115, 117, 98, 115, 116, 97, 110, 99, 101, 46, 103, 108, 46, 97, 116, 46, 112, 108, 121, 46, 103, 103, 46, 35, 18, 2, -46, 48, 31, -91, -113, 94, -64, 60, -102, -41, -102, -8, 0, 68, -35, 106], tunnelServerId=0, tunnelId=4218361, dataCenterId=28, portOffset=0}
[14:53:46] [Thread-15/INFO]: [gg.playit.minecraft.PlayitManager] starting tcp tunnel for client
[14:53:46] [Thread-15/INFO]: [gg.playit.minecraft.PlayitTcpTunnel] start connection to /209.25.142.2:43784 to claim client
[14:53:46] [nioEventLoopGroup-2-3/INFO]: [gg.playit.minecraft.PlayitTcpTunnel] connected to tunnel server, sending claim token
[14:53:46] [nioEventLoopGroup-2-3/INFO]: [gg.playit.minecraft.PlayitTcpTunnel] claim token sent
[14:53:46] [nioEventLoopGroup-2-3/INFO]: [gg.playit.minecraft.PlayitTcpTunnel] connection to tunnel server has been established
[14:53:46] [nioEventLoopGroup-2-3/INFO]: [gg.playit.minecraft.PlayitTcpTunnel] connecting to minecraft server at localhost/127.0.0.1:25565
[14:53:46] [nioEventLoopGroup-2-4/INFO]: [gg.playit.minecraft.PlayitTcpTunnel] connected to local minecraft server
[14:53:46] [Netty Epoll IO #2/INFO]: [gg.playit.minecraft.PlayitHeaderDecoder] parsed playit header, true client IP: /106.203.235.47:54370
[14:53:46] [Netty Epoll IO #2/INFO]: [gg.playit.minecraft.PlayitHeaderDecoder] updated connection address on handler: packet_handler
[14:53:47] [User Authenticator #0/INFO]: UUID of player _Rishabh97 is 64d34f30-0ad5-399e-bcc6-28cf26af06d4
[14:53:47] [Server thread/INFO]: [HorriblePlayerLoginEventHack] You have plugins listening to the PlayerLoginEvent, this will cause re-configuration APIs to be unavailable: [LuckPerms, ProtocolLib, WorldGuard]
[14:53:48] [nioEventLoopGroup-2-3/WARN]: [gg.playit.minecraft.PlayitTcpTunnel] failed to send data to tunnel
[14:53:48] [nioEventLoopGroup-2-3/WARN]: [gg.playit.minecraft.PlayitTcpTunnel] failed to send data to tunnel
[14:53:48] [Server thread/INFO]: _Rishabh97 (64d34f30-0ad5-399e-bcc6-28cf26af06d4) lost connection: Disconnected
[14:53:49] [Thread-15/INFO]: [gg.playit.minecraft.PlayitManager] got new client: NewClient{connectAddr=147.185.221.225:8978, peerAddr=106.203.235.47:54373, claimAddress=209.25.142.2:43784, claimToken=[44, 0, 107, -109, -71, -35, -31, 35, 18, 106, -53, -21, 47, -44, 101, 5, -13, -101, -7, -85, 8, 106, 91, -109, 125, 0, 0, 0, 0, 0, 37, 9, -121, 0, 0, 0, 0, 0, 98, 47, -62, 0, 0, 0, 0, 0, 64, 93, -7, 84, -43, -85, 8, 0, 0, 0, 0, 28, 0, 0, 0, 0, 0, 0, 0, 2, 0, 0, 0, 37, 36, 0, -122, 6, 29, 119, 104, 101, 97, 116, 45, 115, 117, 98, 115, 116, 97, 110, 99, 101, 46, 103, 108, 46, 97, 116, 46, 112, 108, 121, 46, 103, 103, 46, 35, 18, 2, 32, 31, 63, 122, -52, -89, -126, 2, 48, -45, 66, 12, 79, -30, 109, 28], tunnelServerId=0, tunnelId=4218361, dataCenterId=28, portOffset=0}
[14:53:49] [Thread-15/INFO]: [gg.playit.minecraft.PlayitManager] starting tcp tunnel for client
[14:53:49] [Thread-15/INFO]: [gg.playit.minecraft.PlayitTcpTunnel] start connection to /209.25.142.2:43784 to claim client
[14:53:49] [nioEventLoopGroup-2-1/INFO]: [gg.playit.minecraft.PlayitTcpTunnel] connected to tunnel server, sending claim token
[14:53:49] [nioEventLoopGroup-2-1/INFO]: [gg.playit.minecraft.PlayitTcpTunnel] claim token sent
[14:53:49] [nioEventLoopGroup-2-1/INFO]: [gg.playit.minecraft.PlayitTcpTunnel] connection to tunnel server has been established
[14:53:49] [nioEventLoopGroup-2-1/INFO]: [gg.playit.minecraft.PlayitTcpTunnel] connecting to minecraft server at localhost/127.0.0.1:25565
[14:53:49] [nioEventLoopGroup-2-2/INFO]: [gg.playit.minecraft.PlayitTcpTunnel] connected to local minecraft server
[14:53:49] [Netty Epoll IO #3/INFO]: [gg.playit.minecraft.PlayitHeaderDecoder] parsed playit header, true client IP: /106.203.235.47:54373
[14:53:49] [Netty Epoll IO #3/INFO]: [gg.playit.minecraft.PlayitHeaderDecoder] updated connection address on handler: packet_handler
[14:53:50] [nioEventLoopGroup-2-2/WARN]: [gg.playit.minecraft.PlayitTcpTunnel] failed to send data to minecraft server
[14:53:52] [Thread-15/INFO]: [gg.playit.minecraft.PlayitManager] got new client: NewClient{connectAddr=147.185.221.225:8978, peerAddr=106.203.235.47:54379, claimAddress=209.25.142.2:43784, claimToken=[44, 0, 108, -109, -71, -35, -31, 35, 18, 106, -53, -21, 47, -44, 107, -63, -114, 81, -114, -85, 8, 106, 91, -109, -128, 0, 0, 0, 0, 0, 37, 9, -121, 0, 0, 0, 0, 0, 98, 47, -62, 0, 0, 0, 0, 0, 64, 93, -7, 36, 105, -85, 8, 0, 0, 0, 0, 28, 0, 0, 0, 0, 0, 0, 0, 2, 0, 4, 0, 38, 37, 0, -122, 6, 30, 119, 104, 101, 97, 116, 45, 115, 117, 98, 115, 116, 97, 110, 99, 101, 46, 103, 108, 46, 106, 111, 105, 110, 109, 99, 46, 108, 105, 110, 107, 99, -35, 1, -70, 11, -64, 118, 96, 31, -25, 69, 99, 104, -60, 3, -118, 44, -110, -29], tunnelServerId=0, tunnelId=4218361, dataCenterId=28, portOffset=0}
[14:53:52] [Thread-15/INFO]: [gg.playit.minecraft.PlayitManager] starting tcp tunnel for client
[14:53:52] [Thread-15/INFO]: [gg.playit.minecraft.PlayitTcpTunnel] start connection to /209.25.142.2:43784 to claim client
[14:53:52] [nioEventLoopGroup-2-3/INFO]: [gg.playit.minecraft.PlayitTcpTunnel] connected to tunnel server, sending claim token
[14:53:52] [nioEventLoopGroup-2-3/INFO]: [gg.playit.minecraft.PlayitTcpTunnel] claim token sent
[14:53:52] [nioEventLoopGroup-2-3/INFO]: [gg.playit.minecraft.PlayitTcpTunnel] connection to tunnel server has been established
[14:53:52] [nioEventLoopGroup-2-3/INFO]: [gg.playit.minecraft.PlayitTcpTunnel] connecting to minecraft server at localhost/127.0.0.1:25565
[14:53:52] [nioEventLoopGroup-2-4/INFO]: [gg.playit.minecraft.PlayitTcpTunnel] connected to local minecraft server
[14:53:52] [Netty Epoll IO #0/INFO]: [gg.playit.minecraft.PlayitHeaderDecoder] parsed playit header, true client IP: /106.203.235.47:54379
[14:53:52] [Netty Epoll IO #0/INFO]: [gg.playit.minecraft.PlayitHeaderDecoder] updated connection address on handler: packet_handler
[14:53:53] [Thread-15/INFO]: [gg.playit.minecraft.PlayitManager] got new client: NewClient{connectAddr=147.185.221.225:8978, peerAddr=106.203.235.47:54382, claimAddress=209.25.142.2:43784, claimToken=[44, 0, 107, -109, -71, -35, -31, 35, 18, 106, -53, -21, 47, -44, 110, -19, -115, -105, -45, -85, 8, 106, 91, -109, -127, 0, 0, 0, 0, 0, 37, 9, -121, 0, 0, 0, 0, 0, 98, 47, -62, 0, 0, 0, 0, 0, 64, 93, -7, 68, -81, -85, 8, 0, 0, 0, 0, 28, 0, 0, 0, 0, 0, 0, 0, 2, 0, 3, 0, 37, 36, 0, -122, 6, 29, 119, 104, 101, 97, 116, 45, 115, 117, 98, 115, 116, 97, 110, 99, 101, 46, 103, 108, 46, 97, 116, 46, 112, 108, 121, 46, 103, 103, 46, 35, 18, 2, 120, -64, 88, 20, -22, -44, -61, 47, -75, 43, -39, -50, 102, 73, 73, -34], tunnelServerId=0, tunnelId=4218361, dataCenterId=28, portOffset=0}
[14:53:53] [Thread-15/INFO]: [gg.playit.minecraft.PlayitManager] starting tcp tunnel for client
[14:53:53] [Thread-15/INFO]: [gg.playit.minecraft.PlayitTcpTunnel] start connection to /209.25.142.2:43784 to claim client
[14:53:53] [nioEventLoopGroup-2-1/INFO]: [gg.playit.minecraft.PlayitTcpTunnel] connected to tunnel server, sending claim token
[14:53:53] [nioEventLoopGroup-2-1/INFO]: [gg.playit.minecraft.PlayitTcpTunnel] claim token sent
[14:53:53] [nioEventLoopGroup-2-1/INFO]: [gg.playit.minecraft.PlayitTcpTunnel] connection to tunnel server has been established
[14:53:53] [nioEventLoopGroup-2-1/INFO]: [gg.playit.minecraft.PlayitTcpTunnel] connecting to minecraft server at localhost/127.0.0.1:25565
[14:53:53] [nioEventLoopGroup-2-2/INFO]: [gg.playit.minecraft.PlayitTcpTunnel] connected to local minecraft server
[14:53:53] [Netty Epoll IO #1/INFO]: [gg.playit.minecraft.PlayitHeaderDecoder] parsed playit header, true client IP: /106.203.235.47:54382
[14:53:53] [Netty Epoll IO #1/INFO]: [gg.playit.minecraft.PlayitHeaderDecoder] updated connection address on handler: packet_handler
[14:53:53] [nioEventLoopGroup-2-2/WARN]: [gg.playit.minecraft.PlayitTcpTunnel] failed to send data to minecraft server
[14:53:56] [Thread-15/INFO]: [gg.playit.minecraft.PlayitManager] got new client: NewClient{connectAddr=147.185.221.225:8978, peerAddr=106.203.235.47:54388, claimAddress=209.25.142.2:43784, claimToken=[44, 0, 108, -109, -71, -35, -31, 35, 18, 106, -53, -21, 47, -44, 116, -11, 117, 15, 45, -85, 8, 106, 91, -109, -124, 0, 0, 0, 0, 0, 37, 9, -121, 0, 0, 0, 0, 0, 98, 47, -62, 0, 0, 0, 0, 0, 64, 93, -7, -65, 8, -85, 8, 0, 0, 0, 0, 28, 0, 0, 0, 0, 0, 0, 0, 2, 0, 0, 0, 38, 37, 0, -122, 6, 30, 119, 104, 101, 97, 116, 45, 115, 117, 98, 115, 116, 97, 110, 99, 101, 46, 103, 108, 46, 106, 111, 105, 110, 109, 99, 46, 108, 105, 110, 107, 99, -35, 1, 46, 62, -25, 2, 29, -31, 125, 27, 2, -4, -75, -22, -33, -2, -14, 33], tunnelServerId=0, tunnelId=4218361, dataCenterId=28, portOffset=0}
[14:53:56] [Thread-15/INFO]: [gg.playit.minecraft.PlayitManager] starting tcp tunnel for client
[14:53:56] [Thread-15/INFO]: [gg.playit.minecraft.PlayitTcpTunnel] start connection to /209.25.142.2:43784 to claim client
[14:53:56] [nioEventLoopGroup-2-3/INFO]: [gg.playit.minecraft.PlayitTcpTunnel] connected to tunnel server, sending claim token
[14:53:56] [nioEventLoopGroup-2-3/INFO]: [gg.playit.minecraft.PlayitTcpTunnel] claim token sent
[14:53:56] [nioEventLoopGroup-2-3/INFO]: [gg.playit.minecraft.PlayitTcpTunnel] connection to tunnel server has been established
[14:53:56] [nioEventLoopGroup-2-3/INFO]: [gg.playit.minecraft.PlayitTcpTunnel] connecting to minecraft server at localhost/127.0.0.1:25565
[14:53:56] [nioEventLoopGroup-2-4/INFO]: [gg.playit.minecraft.PlayitTcpTunnel] connected to local minecraft server
[14:53:56] [Netty Epoll IO #2/INFO]: [gg.playit.minecraft.PlayitHeaderDecoder] parsed playit header, true client IP: /106.203.235.47:54388
[14:53:56] [Netty Epoll IO #2/INFO]: [gg.playit.minecraft.PlayitHeaderDecoder] updated connection address on handler: packet_handler
[14:53:56] [nioEventLoopGroup-2-3/WARN]: [gg.playit.minecraft.PlayitTcpTunnel] failed to send data to tunnel
[14:53:56] [nioEventLoopGroup-2-3/WARN]: [gg.playit.minecraft.PlayitTcpTunnel] failed to send data to tunnel
[14:53:56] [Thread-15/INFO]: [gg.playit.minecraft.PlayitManager] got new client: NewClient{connectAddr=147.185.221.225:8978, peerAddr=106.203.235.47:54396, claimAddress=209.25.142.2:43784, claimToken=[44, 0, 108, -109, -71, -35, -31, 35, 18, 106, -53, -21, 47, -44, 124, -78, -62, -65, 20, -85, 8, 106, 91, -109, -124, 0, 0, 0, 0, 0, 37, 9, -121, 0, 0, 0, 0, 0, 98, 47, -62, 0, 0, 0, 0, 0, 64, 93, -7, 7, -17, -85, 8, 0, 0, 0, 0, 28, 0, 0, 0, 0, 0, 0, 0, 2, 0, 2, 0, 38, 37, 0, -122, 6, 30, 119, 104, 101, 97, 116, 45, 115, 117, 98, 115, 116, 97, 110, 99, 101, 46, 103, 108, 46, 106, 111, 105, 110, 109, 99, 46, 108, 105, 110, 107, 99, -35, 1, -114, -119, -54, -35, -5, 77, 101, -119, -87, -74, 22, 14, -116, -92, -113, 80], tunnelServerId=0, tunnelId=4218361, dataCenterId=28, portOffset=0}
[14:53:56] [Thread-15/INFO]: [gg.playit.minecraft.PlayitManager] starting tcp tunnel for client
[14:53:56] [Thread-15/INFO]: [gg.playit.minecraft.PlayitTcpTunnel] start connection to /209.25.142.2:43784 to claim client
[14:53:56] [nioEventLoopGroup-2-1/INFO]: [gg.playit.minecraft.PlayitTcpTunnel] connected to tunnel server, sending claim token
[14:53:56] [nioEventLoopGroup-2-1/INFO]: [gg.playit.minecraft.PlayitTcpTunnel] claim token sent
[14:53:56] [nioEventLoopGroup-2-1/INFO]: [gg.playit.minecraft.PlayitTcpTunnel] connection to tunnel server has been established
[14:53:56] [nioEventLoopGroup-2-1/INFO]: [gg.playit.minecraft.PlayitTcpTunnel] connecting to minecraft server at localhost/127.0.0.1:25565
[14:53:56] [nioEventLoopGroup-2-2/INFO]: [gg.playit.minecraft.PlayitTcpTunnel] connected to local minecraft server
[14:53:56] [Netty Epoll IO #3/INFO]: [gg.playit.minecraft.PlayitHeaderDecoder] parsed playit header, true client IP: /106.203.235.47:54396
[14:53:56] [Netty Epoll IO #3/INFO]: [gg.playit.minecraft.PlayitHeaderDecoder] updated connection address on handler: packet_handler
[14:53:56] [nioEventLoopGroup-2-1/WARN]: [gg.playit.minecraft.PlayitTcpTunnel] failed to send data to tunnel
[14:53:56] [nioEventLoopGroup-2-1/WARN]: [gg.playit.minecraft.PlayitTcpTunnel] failed to send data to tunnel
[14:53:56] [Thread-15/INFO]: [gg.playit.minecraft.PlayitManager] got new client: NewClient{connectAddr=147.185.221.225:8978, peerAddr=106.203.235.47:54404, claimAddress=209.25.142.2:43784, claimToken=[44, 0, 108, -109, -71, -35, -31, 35, 18, 106, -53, -21, 47, -44, -124, -108, -95, 14, 85, -85, 8, 106, 91, -109, -124, 0, 0, 0, 0, 0, 37, 9, -121, 0, 0, 0, 0, 0, 98, 47, -62, 0, 0, 0, 0, 0, 64, 93, -7, 43, 48, -85, 8, 0, 0, 0, 0, 28, 0, 0, 0, 0, 0, 0, 0, 2, 0, 4, 0, 38, 37, 0, -122, 6, 30, 119, 104, 101, 97, 116, 45, 115, 117, 98, 115, 116, 97, 110, 99, 101, 46, 103, 108, 46, 106, 111, 105, 110, 109, 99, 46, 108, 105, 110, 107, 99, -35, 1, 70, 58, 43, -11, 32, 8, -48, -96, 124, 84, -83, 107, -93, -26, 51, 108], tunnelServerId=0, tunnelId=4218361, dataCenterId=28, portOffset=0}
[14:53:56] [Thread-15/INFO]: [gg.playit.minecraft.PlayitManager] starting tcp tunnel for client
[14:53:56] [Thread-15/INFO]: [gg.playit.minecraft.PlayitTcpTunnel] start connection to /209.25.142.2:43784 to claim client
[14:53:56] [nioEventLoopGroup-2-3/INFO]: [gg.playit.minecraft.PlayitTcpTunnel] connected to tunnel server, sending claim token
[14:53:56] [nioEventLoopGroup-2-3/INFO]: [gg.playit.minecraft.PlayitTcpTunnel] claim token sent
[14:53:56] [nioEventLoopGroup-2-3/INFO]: [gg.playit.minecraft.PlayitTcpTunnel] connection to tunnel server has been established
[14:53:56] [nioEventLoopGroup-2-3/INFO]: [gg.playit.minecraft.PlayitTcpTunnel] connecting to minecraft server at localhost/127.0.0.1:25565
[14:53:56] [nioEventLoopGroup-2-4/INFO]: [gg.playit.minecraft.PlayitTcpTunnel] connected to local minecraft server
[14:53:56] [Netty Epoll IO #0/INFO]: [gg.playit.minecraft.PlayitHeaderDecoder] parsed playit header, true client IP: /106.203.235.47:54404
[14:53:56] [Netty Epoll IO #0/INFO]: [gg.playit.minecraft.PlayitHeaderDecoder] updated connection address on handler: packet_handler
[14:53:57] [Thread-15/INFO]: [gg.playit.minecraft.PlayitManager] got new client: NewClient{connectAddr=147.185.221.225:8978, peerAddr=106.203.235.47:54412, claimAddress=209.25.142.2:43784, claimToken=[44, 0, 108, -109, -71, -35, -31, 35, 18, 106, -53, -21, 47, -44, -116, -10, 50, 56, -72, -85, 8, 106, 91, -109, -123, 0, 0, 0, 0, 0, 37, 9, -121, 0, 0, 0, 0, 0, 98, 47, -62, 0, 0, 0, 0, 0, 64, 93, -7, -75, -109, -85, 8, 0, 0, 0, 0, 28, 0, 0, 0, 0, 0, 0, 0, 2, 0, 1, 0, 38, 37, 0, -122, 6, 30, 119, 104, 101, 97, 116, 45, 115, 117, 98, 115, 116, 97, 110, 99, 101, 46, 103, 108, 46, 106, 111, 105, 110, 109, 99, 46, 108, 105, 110, 107, 99, -35, 1, -81, 67, 92, -58, -6, -53, 38, 5, -76, 124, 101, 22, 26, 36, 117, 49], tunnelServerId=0, tunnelId=4218361, dataCenterId=28, portOffset=0}
[14:53:57] [Thread-15/INFO]: [gg.playit.minecraft.PlayitManager] starting tcp tunnel for client
[14:53:57] [Thread-15/INFO]: [gg.playit.minecraft.PlayitTcpTunnel] start connection to /209.25.142.2:43784 to claim client
[14:53:57] [nioEventLoopGroup-2-1/INFO]: [gg.playit.minecraft.PlayitTcpTunnel] connected to tunnel server, sending claim token
[14:53:57] [nioEventLoopGroup-2-1/INFO]: [gg.playit.minecraft.PlayitTcpTunnel] claim token sent
[14:53:57] [nioEventLoopGroup-2-1/INFO]: [gg.playit.minecraft.PlayitTcpTunnel] connection to tunnel server has been established
[14:53:57] [nioEventLoopGroup-2-1/INFO]: [gg.playit.minecraft.PlayitTcpTunnel] connecting to minecraft server at localhost/127.0.0.1:25565
[14:53:57] [nioEventLoopGroup-2-2/INFO]: [gg.playit.minecraft.PlayitTcpTunnel] connected to local minecraft server
[14:53:57] [Netty Epoll IO #1/INFO]: [gg.playit.minecraft.PlayitHeaderDecoder] parsed playit header, true client IP: /106.203.235.47:54412
[14:53:57] [Netty Epoll IO #1/INFO]: [gg.playit.minecraft.PlayitHeaderDecoder] updated connection address on handler: packet_handler
[14:53:57] [Thread-15/INFO]: [gg.playit.minecraft.PlayitManager] got new client: NewClient{connectAddr=147.185.221.225:8978, peerAddr=106.203.235.47:54420, claimAddress=209.25.142.2:43784, claimToken=[44, 0, 108, -109, -71, -35, -31, 35, 18, 106, -53, -21, 47, -44, -108, -2, -21, -71, 47, -85, 8, 106, 91, -109, -123, 0, 0, 0, 0, 0, 37, 9, -121, 0, 0, 0, 0, 0, 98, 47, -62, 0, 0, 0, 0, 0, 64, 93, -7, 4, 10, -85, 8, 0, 0, 0, 0, 28, 0, 0, 0, 0, 0, 0, 0, 2, 0, 2, 0, 38, 37, 0, -122, 6, 30, 119, 104, 101, 97, 116, 45, 115, 117, 98, 115, 116, 97, 110, 99, 101, 46, 103, 108, 46, 106, 111, 105, 110, 109, 99, 46, 108, 105, 110, 107, 99, -35, 1, 24, -8, 84, -100, -82, -86, -93, 102, 87, -119, -108, -93, -1, 54, -40, 58], tunnelServerId=0, tunnelId=4218361, dataCenterId=28, portOffset=0}
[14:53:57] [Thread-15/INFO]: [gg.playit.minecraft.PlayitManager] starting tcp tunnel for client
[14:53:57] [Thread-15/INFO]: [gg.playit.minecraft.PlayitTcpTunnel] start connection to /209.25.142.2:43784 to claim client
[14:53:57] [nioEventLoopGroup-2-3/INFO]: [gg.playit.minecraft.PlayitTcpTunnel] connected to tunnel server, sending claim token
[14:53:57] [nioEventLoopGroup-2-3/INFO]: [gg.playit.minecraft.PlayitTcpTunnel] claim token sent
[14:53:57] [nioEventLoopGroup-2-3/INFO]: [gg.playit.minecraft.PlayitTcpTunnel] connection to tunnel server has been established
[14:53:57] [nioEventLoopGroup-2-3/INFO]: [gg.playit.minecraft.PlayitTcpTunnel] connecting to minecraft server at localhost/127.0.0.1:25565
[14:53:57] [nioEventLoopGroup-2-4/INFO]: [gg.playit.minecraft.PlayitTcpTunnel] connected to local minecraft server
[14:53:57] [Netty Epoll IO #2/INFO]: [gg.playit.minecraft.PlayitHeaderDecoder] parsed playit header, true client IP: /106.203.235.47:54420
[14:53:57] [Netty Epoll IO #2/INFO]: [gg.playit.minecraft.PlayitHeaderDecoder] updated connection address on handler: packet_handler
[14:53:58] [Thread-15/INFO]: [gg.playit.minecraft.PlayitManager] got new client: NewClient{connectAddr=147.185.221.225:8978, peerAddr=106.203.235.47:54423, claimAddress=209.25.142.2:43784, claimToken=[44, 0, 107, -109, -71, -35, -31, 35, 18, 106, -53, -21, 47, -44, -105, 4, -48, 79, -52, -85, 8, 106, 91, -109, -122, 0, 0, 0, 0, 0, 37, 9, -121, 0, 0, 0, 0, 0, 98, 47, -62, 0, 0, 0, 0, 0, 64, 93, -7, 84, -88, -85, 8, 0, 0, 0, 0, 28, 0, 0, 0, 0, 0, 0, 0, 2, 0, 5, 0, 37, 36, 0, -122, 6, 29, 119, 104, 101, 97, 116, 45, 115, 117, 98, 115, 116, 97, 110, 99, 101, 46, 103, 108, 46, 97, 116, 46, 112, 108, 121, 46, 103, 103, 46, 35, 18, 2, -34, 95, 100, 44, -99, -8, 115, 32, -127, -101, -67, 127, -52, -60, 59, 23], tunnelServerId=0, tunnelId=4218361, dataCenterId=28, portOffset=0}
[14:53:58] [Thread-15/INFO]: [gg.playit.minecraft.PlayitManager] starting tcp tunnel for client
[14:53:58] [Thread-15/INFO]: [gg.playit.minecraft.PlayitTcpTunnel] start connection to /209.25.142.2:43784 to claim client
[14:53:58] [nioEventLoopGroup-2-1/INFO]: [gg.playit.minecraft.PlayitTcpTunnel] connected to tunnel server, sending claim token
[14:53:58] [nioEventLoopGroup-2-1/INFO]: [gg.playit.minecraft.PlayitTcpTunnel] claim token sent
[14:53:58] [nioEventLoopGroup-2-1/INFO]: [gg.playit.minecraft.PlayitTcpTunnel] connection to tunnel server has been established
[14:53:58] [nioEventLoopGroup-2-1/INFO]: [gg.playit.minecraft.PlayitTcpTunnel] connecting to minecraft server at localhost/127.0.0.1:25565
[14:53:58] [nioEventLoopGroup-2-2/INFO]: [gg.playit.minecraft.PlayitTcpTunnel] connected to local minecraft server
[14:53:58] [Netty Epoll IO #3/INFO]: [gg.playit.minecraft.PlayitHeaderDecoder] parsed playit header, true client IP: /106.203.235.47:54423
[14:53:58] [Netty Epoll IO #3/INFO]: [gg.playit.minecraft.PlayitHeaderDecoder] updated connection address on handler: packet_handler
[14:53:58] [User Authenticator #0/INFO]: UUID of player _Rishabh97 is 64d34f30-0ad5-399e-bcc6-28cf26af06d4
[14:54:00] [Server thread/INFO]: + _Rishabh97 Connected
[14:54:00] [Server thread/INFO]: _Rishabh97[/106.203.235.47:54423] logged in with entity id 42 at ([world]426.3829317755031, 209.0, 469.5262804869038)
[14:54:01] [Server thread/INFO]: [voicechat] Received secret request of _Rishabh97 (20)
[14:54:01] [Server thread/INFO]: [voicechat] Sent secret to _Rishabh97
[14:54:20] [Server thread/INFO]: _Rishabh97 issued server command: /mvtp _Rishabh97 survival
[14:54:28] [Server thread/INFO]: _Rishabh97 issued server command: /lobby
[14:54:36] [nioEventLoopGroup-2-1/WARN]: [gg.playit.minecraft.PlayitTcpTunnel] failed to send data to tunnel
[14:54:36] [Server thread/INFO]: _Rishabh97 lost connection: Disconnected
[14:54:36] [Server thread/INFO]: [voicechat] Disconnecting client _Rishabh97
[14:54:36] [Server thread/INFO]: - _Rishabh97 Disconnected
[14:54:37] [Thread-15/INFO]: [gg.playit.minecraft.PlayitManager] got new client: NewClient{connectAddr=147.185.221.225:8978, peerAddr=106.203.235.47:54482, claimAddress=209.25.142.2:43784, claimToken=[44, 0, 108, -109, -71, -35, -31, 35, 18, 106, -53, -21, 47, -44, -46, 112, 46, 75, 66, -85, 8, 106, 91, -109, -83, 0, 0, 0, 0, 0, 37, 9, -121, 0, 0, 0, 0, 0, 98, 47, -62, 0, 0, 0, 0, 0, 64, 93, -7, 38, 29, -85, 8, 0, 0, 0, 0, 28, 0, 0, 0, 0, 0, 0, 0, 2, 0, 0, 0, 38, 37, 0, -122, 6, 30, 119, 104, 101, 97, 116, 45, 115, 117, 98, 115, 116, 97, 110, 99, 101, 46, 103, 108, 46, 106, 111, 105, 110, 109, 99, 46, 108, 105, 110, 107, 99, -35, 1, 19, -115, 51, -71, -32, -94, 95, 21, -93, -93, -60, 45, 89, 121, 97, -91], tunnelServerId=0, tunnelId=4218361, dataCenterId=28, portOffset=0}
[14:54:37] [Thread-15/INFO]: [gg.playit.minecraft.PlayitManager] starting tcp tunnel for client
[14:54:37] [Thread-15/INFO]: [gg.playit.minecraft.PlayitTcpTunnel] start connection to /209.25.142.2:43784 to claim client
[14:54:37] [nioEventLoopGroup-2-3/INFO]: [gg.playit.minecraft.PlayitTcpTunnel] connected to tunnel server, sending claim token
[14:54:37] [nioEventLoopGroup-2-3/INFO]: [gg.playit.minecraft.PlayitTcpTunnel] claim token sent
[14:54:37] [nioEventLoopGroup-2-3/INFO]: [gg.playit.minecraft.PlayitTcpTunnel] connection to tunnel server has been established
[14:54:37] [nioEventLoopGroup-2-3/INFO]: [gg.playit.minecraft.PlayitTcpTunnel] connecting to minecraft server at localhost/127.0.0.1:25565
[14:54:37] [nioEventLoopGroup-2-4/INFO]: [gg.playit.minecraft.PlayitTcpTunnel] connected to local minecraft server
[14:54:37] [Netty Epoll IO #0/INFO]: [gg.playit.minecraft.PlayitHeaderDecoder] parsed playit header, true client IP: /106.203.235.47:54482
[14:54:37] [Netty Epoll IO #0/INFO]: [gg.playit.minecraft.PlayitHeaderDecoder] updated connection address on handler: packet_handler
[14:54:55] [Server thread/INFO]: Stopping the server
[14:54:55] [Server thread/INFO]: Stopping server
[14:54:55] [Server thread/INFO]: [EconomyShopGUI] Disabling EconomyShopGUI v7.1.0
[14:54:55] [Server thread/INFO]: [TAB] Disabling TAB v6.1.0
[14:54:55] [Server thread/INFO]: [TAB] Disabled in 1ms
[14:54:55] [Server thread/INFO]: [ItemEdit] Disabling ItemEdit v3.7.8
[14:54:55] [Server thread/INFO]: [PlaceholderAPI] Unregistered placeholder expansion itemedit
[14:54:55] [Server thread/INFO]: [PlaceholderAPI] Reason: required plugin ItemEdit was disabled.
[14:54:55] [Server thread/INFO]: [DecentHolograms] Disabling DecentHolograms v2.9.10
[14:54:55] [Server thread/INFO]: [voicechat] Disabling voicechat v2.6.20
[14:54:55] [Server thread/INFO]: [PhoenixCratesLite] Disabling PhoenixCratesLite v5.2.1
[14:54:55] [Server thread/INFO]: [EssentialsSpawn] Disabling EssentialsSpawn v2.22.1-dev+12-776f709
[14:54:55] [Server thread/INFO]: [CrazyAuctions] Disabling CrazyAuctions v1.7.0
[14:54:55] [Server thread/INFO]: [ClearLag] Disabling ClearLag v3.2.2
[14:54:55] [Server thread/INFO]: [ClearLag] Clearlag is now disabled!
[14:54:55] [Server thread/INFO]: [Multiverse-Inventories] Disabling Multiverse-Inventories v5.3.4
[14:54:55] [Server thread/INFO]: [Multiverse-Inventories] - Disabled
[14:54:55] [Server thread/INFO]: [playit-gg] Disabling playit-gg v0.2.0
[14:54:55] [Server thread/INFO]: [Citizens] Disabling Citizens v2.0.43-SNAPSHOT (build 4210)
[14:54:55] [Server thread/INFO]: [SkinsRestorer] Disabling SkinsRestorer v15.12.4
[14:54:55] [Server thread/INFO]: [EssentialsChat] Disabling EssentialsChat v2.22.1-dev+11-28eb89f
[14:54:55] [Server thread/INFO]: [ViaRewind] Disabling ViaRewind v4.1.3-SNAPSHOT
[14:54:55] [Server thread/INFO]: [WorldGuard] Disabling WorldGuard v7.0.17+2370-e42d8bc
[14:54:55] [Server thread/INFO]: [WorldGuard] Shutting down executor and cancelling any pending tasks...
[14:54:55] [Server thread/INFO]: [ProtocolLib] Disabling ProtocolLib v5.4.0
[14:54:55] [Server thread/INFO]: [Essentials] Disabling Essentials v2.22.1-dev+11-28eb89f
[14:54:55] [Server thread/INFO]: [Vault] [Economy] Essentials Economy unhooked.
[14:54:55] [Server thread/INFO]: [ViaBackwards] Disabling ViaBackwards v5.10.1-SNAPSHOT
[14:54:55] [Server thread/INFO]: [DeluxeHub] Disabling DeluxeHub v3.7.4
[14:54:55] [Server thread/INFO]: [FastAsyncWorldEdit] Disabling FastAsyncWorldEdit v2.15.2+e9ed0d1
[14:54:55] [Server thread/INFO]: Unregistering com.sk89q.worldedit.bukkit.BukkitServerInterface from WorldEdit
[14:54:55] [Server thread/INFO]: [Multiverse-Core] Disabling Multiverse-Core v5.7.0
[14:54:55] [Server thread/INFO]: [Multiverse-Core] - Disabled
[14:54:55] [Server thread/INFO]: [Vault] Disabling Vault v1.7.3-b131
[14:54:55] [Server thread/INFO]: [PlaceholderAPI] Disabling PlaceholderAPI v2.12.2
[14:54:55] [Server thread/INFO]: [LuckPerms] Disabling LuckPerms v5.5.0
[14:54:55] [Server thread/INFO]: [LuckPerms] Starting shutdown process...
[14:54:55] [Server thread/INFO]: [LuckPerms] Closing storage...
[14:54:55] [Server thread/INFO]: [LuckPerms] Goodbye!
[14:54:55] [Server thread/INFO]: [ViaVersion] Disabling ViaVersion v5.10.1-SNAPSHOT
[14:54:55] [Server thread/INFO]: [ViaVersion] ViaVersion has been disabled; uninjected the platform and shut down the scheduler.
[14:54:55] [Server thread/INFO]: Saving players
[14:54:55] [Server thread/INFO]: Saving worlds
[14:54:55] [Server thread/INFO]: Saving chunks for level 'ServerLevel[world]'/minecraft:overworld
[14:54:55] [Server thread/INFO]: [ChunkHolderManager] Waiting 60s for chunk system to halt for world 'world'
[14:54:55] [Server thread/INFO]: [ChunkHolderManager] Halted chunk system for world 'world'
[14:54:55] [Server thread/INFO]: [ChunkHolderManager] Saving all chunkholders for world 'world'
[14:54:55] [Server thread/INFO]: [ChunkHolderManager] Saved 0 block chunks, 0 entity chunks, 0 poi chunks in world 'world' in 0.00s
[14:54:55] [Server thread/INFO]: [ChunkHolderManager] Waiting 60s for chunk I/O to halt for world 'world'
[14:54:55] [Server thread/INFO]: [ChunkHolderManager] Halted I/O scheduler for world 'world'
[14:54:55] [Server thread/INFO]: Saving chunks for level 'ServerLevel[world_nether]'/minecraft:the_nether
[14:54:55] [Server thread/INFO]: [ChunkHolderManager] Waiting 60s for chunk system to halt for world 'world_nether'
[14:54:55] [Server thread/INFO]: [ChunkHolderManager] Halted chunk system for world 'world_nether'
[14:54:55] [Server thread/INFO]: [ChunkHolderManager] Saving all chunkholders for world 'world_nether'
[14:54:55] [Server thread/INFO]: [ChunkHolderManager] Saved 0 block chunks, 0 entity chunks, 0 poi chunks in world 'world_nether' in 0.00s
[14:54:55] [Server thread/INFO]: [ChunkHolderManager] Waiting 60s for chunk I/O to halt for world 'world_nether'
[14:54:55] [Server thread/INFO]: [ChunkHolderManager] Halted I/O scheduler for world 'world_nether'
[14:54:55] [Server thread/INFO]: Saving chunks for level 'ServerLevel[world_the_end]'/minecraft:the_end
[14:54:55] [Server thread/INFO]: [ChunkHolderManager] Waiting 60s for chunk system to halt for world 'world_the_end'
[14:54:55] [Server thread/INFO]: [ChunkHolderManager] Halted chunk system for world 'world_the_end'
[14:54:55] [Server thread/INFO]: [ChunkHolderManager] Saving all chunkholders for world 'world_the_end'
[14:54:55] [Server thread/INFO]: [ChunkHolderManager] Saved 0 block chunks, 0 entity chunks, 0 poi chunks in world 'world_the_end' in 0.00s
[14:54:55] [Server thread/INFO]: [ChunkHolderManager] Waiting 60s for chunk I/O to halt for world 'world_the_end'
[14:54:55] [Server thread/INFO]: [ChunkHolderManager] Halted I/O scheduler for world 'world_the_end'
[14:54:55] [Server thread/INFO]: Saving chunks for level 'ServerLevel[survival]'/minecraft:survival
[14:54:55] [Server thread/INFO]: [ChunkHolderManager] Waiting 60s for chunk system to halt for world 'survival'
[14:54:55] [Server thread/INFO]: [ChunkHolderManager] Halted chunk system for world 'survival'
[14:54:55] [Server thread/INFO]: [ChunkHolderManager] Saving all chunkholders for world 'survival'
[14:54:55] [Server thread/INFO]: [ChunkHolderManager] Saved 0 block chunks, 0 entity chunks, 0 poi chunks in world 'survival' in 0.01s
[14:54:55] [Server thread/INFO]: [ChunkHolderManager] Waiting 60s for chunk I/O to halt for world 'survival'
[14:54:55] [Server thread/INFO]: [ChunkHolderManager] Halted I/O scheduler for world 'survival'
[14:54:55] [Server thread/INFO]: ThreadedAnvilChunkStorage (world): All chunks are saved
[14:54:55] [Server thread/INFO]: ThreadedAnvilChunkStorage (DIM-1): All chunks are saved
[14:54:55] [Server thread/INFO]: ThreadedAnvilChunkStorage (DIM1): All chunks are saved
[14:54:55] [Server thread/INFO]: ThreadedAnvilChunkStorage (survival): All chunks are saved
[14:54:55] [Server thread/INFO]: ThreadedAnvilChunkStorage: All dimensions are saved
[14:54:55] [Server thread/INFO]: Waiting for all RegionFile I/O tasks to complete...
[14:54:55] [Server thread/INFO]: All RegionFile I/O tasks to complete
[14:54:55] [Server thread/INFO]: [MoonriseCommon] Awaiting termination of worker pool for up to 60s...
[14:54:55] [Server thread/INFO]: [MoonriseCommon] Awaiting termination of I/O pool for up to 60s...
